Build started 2/26/2015 5:32:18 PM.
     1>Project "C:\Users\Rin Mikoto\Documents\GitHub\lchenrepo\project_template\Windows\hw3_spaceinvaders\NYUCodebase\NYUCodebase.vcxproj" on node 2 (Build target(s)).
     1>ClCompile:
         C:\Program Files (x86)\Microsoft Visual Studio 12.0\VC\bin\CL.exe /c /IC:\SDL2\include /IC:\SDL2_image\include /ZI /nologo /W3 /WX- /sdl /Od /Oy- /D _MBCS /Gm /EHsc /RTC1 /MDd /GS /fp:precise /Zc:wchar_t /Zc:forScope /Fo"Debug\\" /Fd"Debug\vc120.pdb" /Gd /TP /analyze- /errorReport:prompt spaceinvaders.cpp
         spaceinvaders.cpp
     1>c:\users\rin mikoto\documents\github\lchenrepo\project_template\windows\hw3_spaceinvaders\nyucodebase\spaceinvaders.cpp(237): error C2065: 'newBullet' : undeclared identifier
     1>c:\users\rin mikoto\documents\github\lchenrepo\project_template\windows\hw3_spaceinvaders\nyucodebase\spaceinvaders.cpp(328): error C3861: 'updateMainMenu': identifier not found
     1>c:\users\rin mikoto\documents\github\lchenrepo\project_template\windows\hw3_spaceinvaders\nyucodebase\spaceinvaders.cpp(331): error C3861: 'updateGameLevel': identifier not found
     1>c:\users\rin mikoto\documents\github\lchenrepo\project_template\windows\hw3_spaceinvaders\nyucodebase\spaceinvaders.cpp(334): error C3861: 'updateGameOver': identifier not found
     1>c:\users\rin mikoto\documents\github\lchenrepo\project_template\windows\hw3_spaceinvaders\nyucodebase\spaceinvaders.cpp(344): error C3861: 'renderMainMenu': identifier not found
     1>c:\users\rin mikoto\documents\github\lchenrepo\project_template\windows\hw3_spaceinvaders\nyucodebase\spaceinvaders.cpp(347): error C3861: 'renderGameLevel': identifier not found
     1>c:\users\rin mikoto\documents\github\lchenrepo\project_template\windows\hw3_spaceinvaders\nyucodebase\spaceinvaders.cpp(350): error C3861: 'renderGameOver': identifier not found
     1>c:\users\rin mikoto\documents\github\lchenrepo\project_template\windows\hw3_spaceinvaders\nyucodebase\spaceinvaders.cpp(363): warning C4305: 'argument' : truncation from 'double' to 'float'
     1>c:\users\rin mikoto\documents\github\lchenrepo\project_template\windows\hw3_spaceinvaders\nyucodebase\spaceinvaders.cpp(366): warning C4305: 'argument' : truncation from 'double' to 'float'
     1>c:\users\rin mikoto\documents\github\lchenrepo\project_template\windows\hw3_spaceinvaders\nyucodebase\spaceinvaders.cpp(369): error C2065: 'entities' : undeclared identifier
     1>c:\users\rin mikoto\documents\github\lchenrepo\project_template\windows\hw3_spaceinvaders\nyucodebase\spaceinvaders.cpp(369): error C2228: left of '.size' must have class/struct/union
                 type is 'unknown-type'
     1>c:\users\rin mikoto\documents\github\lchenrepo\project_template\windows\hw3_spaceinvaders\nyucodebase\spaceinvaders.cpp(370): error C2065: 'entities' : undeclared identifier
     1>c:\users\rin mikoto\documents\github\lchenrepo\project_template\windows\hw3_spaceinvaders\nyucodebase\spaceinvaders.cpp(370): error C2227: left of '->Render' must point to class/struct/union/generic type
     1>c:\users\rin mikoto\documents\github\lchenrepo\project_template\windows\hw3_spaceinvaders\nyucodebase\spaceinvaders.cpp(373): error C2065: 'playerBullet' : undeclared identifier
     1>c:\users\rin mikoto\documents\github\lchenrepo\project_template\windows\hw3_spaceinvaders\nyucodebase\spaceinvaders.cpp(373): error C2228: left of '.Render' must have class/struct/union
                 type is 'unknown-type'
     1>c:\users\rin mikoto\documents\github\lchenrepo\project_template\windows\hw3_spaceinvaders\nyucodebase\spaceinvaders.cpp(376): error C2065: 'enemyBullets' : undeclared identifier
     1>c:\users\rin mikoto\documents\github\lchenrepo\project_template\windows\hw3_spaceinvaders\nyucodebase\spaceinvaders.cpp(376): error C2228: left of '.Render' must have class/struct/union
     1>c:\users\rin mikoto\documents\github\lchenrepo\project_template\windows\hw3_spaceinvaders\nyucodebase\spaceinvaders.cpp(379): error C2065: 'defences' : undeclared identifier
     1>c:\users\rin mikoto\documents\github\lchenrepo\project_template\windows\hw3_spaceinvaders\nyucodebase\spaceinvaders.cpp(379): error C2228: left of '.size' must have class/struct/union
                 type is 'unknown-type'
     1>c:\users\rin mikoto\documents\github\lchenrepo\project_template\windows\hw3_spaceinvaders\nyucodebase\spaceinvaders.cpp(380): error C2065: 'defences' : undeclared identifier
     1>c:\users\rin mikoto\documents\github\lchenrepo\project_template\windows\hw3_spaceinvaders\nyucodebase\spaceinvaders.cpp(380): error C2227: left of '->Render' must point to class/struct/union/generic type
     1>c:\users\rin mikoto\documents\github\lchenrepo\project_template\windows\hw3_spaceinvaders\nyucodebase\spaceinvaders.cpp(385): error C2065: 'fontSheetTexture' : undeclared identifier
     1>c:\users\rin mikoto\documents\github\lchenrepo\project_template\windows\hw3_spaceinvaders\nyucodebase\spaceinvaders.cpp(385): error C2065: 'score' : undeclared identifier
     1>c:\users\rin mikoto\documents\github\lchenrepo\project_template\windows\hw3_spaceinvaders\nyucodebase\spaceinvaders.cpp(385): error C3861: 'to_string': identifier not found
     1>c:\users\rin mikoto\documents\github\lchenrepo\project_template\windows\hw3_spaceinvaders\nyucodebase\spaceinvaders.cpp(391): error C2065: 'fontSheetTexture' : undeclared identifier
     1>c:\users\rin mikoto\documents\github\lchenrepo\project_template\windows\hw3_spaceinvaders\nyucodebase\spaceinvaders.cpp(394): error C2065: 'fontSheetTexture' : undeclared identifier
     1>c:\users\rin mikoto\documents\github\lchenrepo\project_template\windows\hw3_spaceinvaders\nyucodebase\spaceinvaders.cpp(394): error C2065: 'highScore' : undeclared identifier
     1>c:\users\rin mikoto\documents\github\lchenrepo\project_template\windows\hw3_spaceinvaders\nyucodebase\spaceinvaders.cpp(394): error C3861: 'to_string': identifier not found
     1>c:\users\rin mikoto\documents\github\lchenrepo\project_template\windows\hw3_spaceinvaders\nyucodebase\spaceinvaders.cpp(397): error C2065: 'fontSheetTexture' : undeclared identifier
     1>c:\users\rin mikoto\documents\github\lchenrepo\project_template\windows\hw3_spaceinvaders\nyucodebase\spaceinvaders.cpp(397): error C2065: 'roundScore' : undeclared identifier
     1>c:\users\rin mikoto\documents\github\lchenrepo\project_template\windows\hw3_spaceinvaders\nyucodebase\spaceinvaders.cpp(397): error C3861: 'to_string': identifier not found
     1>c:\users\rin mikoto\documents\github\lchenrepo\project_template\windows\hw3_spaceinvaders\nyucodebase\spaceinvaders.cpp(400): error C2065: 'fontSheetTexture' : undeclared identifier
     1>c:\users\rin mikoto\documents\github\lchenrepo\project_template\windows\hw3_spaceinvaders\nyucodebase\spaceinvaders.cpp(432): error C3861: 'Update': identifier not found
     1>Done Building Project "C:\Users\Rin Mikoto\Documents\GitHub\lchenrepo\project_template\Windows\hw3_spaceinvaders\NYUCodebase\NYUCodebase.vcxproj" (Build target(s)) -- FAILED.

Build FAILED.

Time Elapsed 00:00:03.09
